<?xml version="1.0" encoding="UTF-8"?>
<!-- Generated by org.testng.reporters.JUnitXMLReporter -->
<testsuite hostname="DESKTOP-CIBJPLA" ignored="9" name="Default test" tests="3" failures="0" timestamp="2021-10-01T10:54:36 IST" time="65.249" errors="0">
  <testcase name="tc_12" time="40.432" classname="via.Login"/>
  <testcase name="tc_13" time="6.987" classname="via.Login"/>
  <testcase name="tc_14" time="10.014" classname="via.Login"/>
  <testcase name="tc_8" time="0.0" classname="via.Login">
    <ignored/>
  </testcase> <!-- tc_8 -->
  <testcase name="tc_1" time="0.0" classname="via.Login">
    <ignored/>
  </testcase> <!-- tc_1 -->
  <testcase name="tc_2" time="0.0" classname="via.Login">
    <ignored/>
  </testcase> <!-- tc_2 -->
  <testcase name="tc_5" time="0.0" classname="via.Login">
    <ignored/>
  </testcase> <!-- tc_5 -->
  <testcase name="tc_3" time="0.0" classname="via.Login">
    <ignored/>
  </testcase> <!-- tc_3 -->
  <testcase name="tc_6" time="0.0" classname="via.Login">
    <ignored/>
  </testcase> <!-- tc_6 -->
  <testcase name="tc_9" time="0.0" classname="via.Login">
    <ignored/>
  </testcase> <!-- tc_9 -->
  <testcase name="tc_4" time="0.0" classname="via.Login">
    <ignored/>
  </testcase> <!-- tc_4 -->
  <testcase name="tc_7" time="0.0" classname="via.Login">
    <ignored/>
  </testcase> <!-- tc_7 -->
</testsuite> <!-- Default test -->
