<?xml version="1.0" encoding="UTF-8"?>
<!-- Generated by org.testng.reporters.JUnitXMLReporter -->
<testsuite hostname="DESKTOP-CIBJPLA" ignored="12" name="Default test" tests="1" failures="0" timestamp="2021-09-30T13:31:23 IST" time="13.619" errors="0">
  <testcase name="tc_20" time="6.753" classname="via.SignUp"/>
  <testcase name="tc_22" time="0.0" classname="via.SignUp">
    <ignored/>
  </testcase> <!-- tc_22 -->
  <testcase name="tc_21" time="0.0" classname="via.SignUp">
    <ignored/>
  </testcase> <!-- tc_21 -->
  <testcase name="tc_19" time="0.0" classname="via.SignUp">
    <ignored/>
  </testcase> <!-- tc_19 -->
  <testcase name="tc_18" time="0.0" classname="via.SignUp">
    <ignored/>
  </testcase> <!-- tc_18 -->
  <testcase name="tc_17" time="0.0" classname="via.SignUp">
    <ignored/>
  </testcase> <!-- tc_17 -->
  <testcase name="tc_16" time="0.0" classname="via.SignUp">
    <ignored/>
  </testcase> <!-- tc_16 -->
  <testcase name="tc_15" time="0.0" classname="via.SignUp">
    <ignored/>
  </testcase> <!-- tc_15 -->
  <testcase name="tc_14" time="0.0" classname="via.SignUp">
    <ignored/>
  </testcase> <!-- tc_14 -->
  <testcase name="tc_25" time="0.0" classname="via.SignUp">
    <ignored/>
  </testcase> <!-- tc_25 -->
  <testcase name="tc_13" time="0.0" classname="via.SignUp">
    <ignored/>
  </testcase> <!-- tc_13 -->
  <testcase name="tc_24" time="0.0" classname="via.SignUp">
    <ignored/>
  </testcase> <!-- tc_24 -->
  <testcase name="tc_23" time="0.0" classname="via.SignUp">
    <ignored/>
  </testcase> <!-- tc_23 -->
</testsuite> <!-- Default test -->
