<?xml version="1.0" encoding="UTF-8"?>
<!-- Generated by org.testng.reporters.JUnitXMLReporter -->
<testsuite hostname="DESKTOP-CIBJPLA" ignored="6" name="Default test" tests="6" failures="0" timestamp="2021-10-05T12:17:03 IST" time="48.381" errors="0">
  <testcase name="tc_07" time="4.713" classname="via.Login"/>
  <testcase name="tc_08" time="2.283" classname="via.Login"/>
  <testcase name="tc_09" time="4.56" classname="via.Login"/>
  <testcase name="tc_10" time="4.232" classname="via.Login"/>
  <testcase name="tc_11" time="19.524" classname="via.Login"/>
  <testcase name="tc_12" time="6.49" classname="via.Login"/>
  <testcase name="tc_01" time="0.0" classname="via.Login">
    <ignored/>
  </testcase> <!-- tc_01 -->
  <testcase name="tc_04" time="0.0" classname="via.Login">
    <ignored/>
  </testcase> <!-- tc_04 -->
  <testcase name="tc_06" time="0.0" classname="via.Login">
    <ignored/>
  </testcase> <!-- tc_06 -->
  <testcase name="tc_03" time="0.0" classname="via.Login">
    <ignored/>
  </testcase> <!-- tc_03 -->
  <testcase name="tc_05" time="0.0" classname="via.Login">
    <ignored/>
  </testcase> <!-- tc_05 -->
  <testcase name="tc_02" time="0.0" classname="via.Login">
    <ignored/>
  </testcase> <!-- tc_02 -->
</testsuite> <!-- Default test -->
