<?xml version="1.0" encoding="UTF-8"?>
<testng-results skipped="0" failed="0" ignored="12" total="13" passed="1">
  <reporter-output>
  </reporter-output>
  <suite name="Default suite" duration-ms="13619" started-at="2021-09-30T13:31:10 IST" finished-at="2021-09-30T13:31:23 IST">
    <groups>
    </groups>
    <test name="Default test" duration-ms="13619" started-at="2021-09-30T13:31:10 IST" finished-at="2021-09-30T13:31:23 IST">
      <class name="via.SignUp">
        <test-method status="PASS" signature="beforeTest()[pri:0, instance:via.SignUp@c46bcd4]" name="beforeTest" is-config="true" duration-ms="3482" started-at="2021-09-30T13:31:10 IST" finished-at="2021-09-30T13:31:13 IST">
          <reporter-output>
          </reporter-output>
        </test-method> <!-- beforeTest -->
        <test-method status="PASS" signature="tc_20()[pri:0, instance:via.SignUp@c46bcd4]" name="tc_20" duration-ms="6753" started-at="2021-09-30T13:31:13 IST" description="Testing with invalid name" finished-at="2021-09-30T13:31:20 IST">
          <reporter-output>
          </reporter-output>
        </test-method> <!-- tc_20 -->
        <test-method status="PASS" signature="afterTest()[pri:0, instance:via.SignUp@c46bcd4]" name="afterTest" is-config="true" duration-ms="3300" started-at="2021-09-30T13:31:20 IST" finished-at="2021-09-30T13:31:23 IST">
          <reporter-output>
          </reporter-output>
        </test-method> <!-- afterTest -->
      </class> <!-- via.SignUp -->
    </test> <!-- Default test -->
  </suite> <!-- Default suite -->
</testng-results>
